
(venv) C:\Users\Owner\PycharmProjects\Project_Calculator>pytest test_functions.py -v
================================================================================== test session starts ===================================================================================
platform win32 -- Python 3.8.3, pytest-5.4.3, py-1.9.0, pluggy-0.13.1 -- c:\users\owner\appdata\local\programs\python\python38-32\python.exe
cachedir: .pytest_cache
rootdir: C:\Users\Owner\PycharmProjects\Project_Calculator
collected 4 items
test_functions.py::test_sum PASSED                                                                                                                                                  [ 25%]
test_functions.py::test_subtract PASSED

                                                                                                                                         collected 4 it
ems

test_functions.py::test_sum PASSED
                             [ 25%]
test_functions.py::test_subtract PASSED

=================================================================================== 4 passed in 0.03s ====================================================================================

